Determining if the pthread_create exist failed with the following output:
Change Dir: /workspace/build_isolated/cv/CMakeFiles/CMakeTmp

Run Build Command:"/usr/bin/make" "cmTC_9a505/fast"
/usr/bin/make -f CMakeFiles/cmTC_9a505.dir/build.make CMakeFiles/cmTC_9a505.dir/build
make[1]: Entering directory '/workspace/build_isolated/cv/CMakeFiles/CMakeTmp'
Building C object CMakeFiles/cmTC_9a505.dir/CheckSymbolExists.c.o
/usr/bin/cc    -o CMakeFiles/cmTC_9a505.dir/CheckSymbolExists.c.o   -c /workspace/build_isolated/cv/CMakeFiles/CMakeTmp/CheckSymbolExists.c
Linking C executable cmTC_9a505
/usr/bin/cmake -E cmake_link_script CMakeFiles/cmTC_9a505.dir/link.txt --verbose=1
/usr/bin/cc      -rdynamic CMakeFiles/cmTC_9a505.dir/CheckSymbolExists.c.o  -o cmTC_9a505 
CMakeFiles/cmTC_9a505.dir/CheckSymbolExists.c.o: In function `main':
CheckSymbolExists.c:(.text+0x1b): undefined reference to `pthread_create'
collect2: error: ld returned 1 exit status
CMakeFiles/cmTC_9a505.dir/build.make:97: recipe for target 'cmTC_9a505' failed
make[1]: *** [cmTC_9a505] Error 1
make[1]: Leaving directory '/workspace/build_isolated/cv/CMakeFiles/CMakeTmp'
Makefile:126: recipe for target 'cmTC_9a505/fast' failed
make: *** [cmTC_9a505/fast] Error 2

File /workspace/build_isolated/cv/CMakeFiles/CMakeTmp/CheckSymbolExists.c:
/* */
#include <pthread.h>

int main(int argc, char** argv)
{
  (void)argv;
#ifndef pthread_create
  return ((int*)(&pthread_create))[argc];
#else
  (void)argc;
  return 0;
#endif
}

Determining if the function pthread_create exists in the pthreads failed with the following output:
Change Dir: /workspace/build_isolated/cv/CMakeFiles/CMakeTmp

Run Build Command:"/usr/bin/make" "cmTC_28c82/fast"
/usr/bin/make -f CMakeFiles/cmTC_28c82.dir/build.make CMakeFiles/cmTC_28c82.dir/build
make[1]: Entering directory '/workspace/build_isolated/cv/CMakeFiles/CMakeTmp'
Building C object CMakeFiles/cmTC_28c82.dir/CheckFunctionExists.c.o
/usr/bin/cc   -DCHECK_FUNCTION_EXISTS=pthread_create   -o CMakeFiles/cmTC_28c82.dir/CheckFunctionExists.c.o   -c /usr/share/cmake-3.10/Modules/CheckFunctionExists.c
Linking C executable cmTC_28c82
/usr/bin/cmake -E cmake_link_script CMakeFiles/cmTC_28c82.dir/link.txt --verbose=1
/usr/bin/cc  -DCHECK_FUNCTION_EXISTS=pthread_create    -rdynamic CMakeFiles/cmTC_28c82.dir/CheckFunctionExists.c.o  -o cmTC_28c82 -lpthreads 
/usr/bin/ld: cannot find -lpthreads
collect2: error: ld returned 1 exit status
CMakeFiles/cmTC_28c82.dir/build.make:97: recipe for target 'cmTC_28c82' failed
make[1]: *** [cmTC_28c82] Error 1
make[1]: Leaving directory '/workspace/build_isolated/cv/CMakeFiles/CMakeTmp'
Makefile:126: recipe for target 'cmTC_28c82/fast' failed
make: *** [cmTC_28c82/fast] Error 2


