Determining if the pthread_create exist failed with the following output:
Change Dir: /workspace/build_isolated/hsrb_moveit_config/CMakeFiles/CMakeTmp

Run Build Command:"/usr/bin/make" "cmTC_24985/fast"
/usr/bin/make -f CMakeFiles/cmTC_24985.dir/build.make CMakeFiles/cmTC_24985.dir/build
make[1]: Entering directory '/workspace/build_isolated/hsrb_moveit_config/CMakeFiles/CMakeTmp'
Building C object CMakeFiles/cmTC_24985.dir/CheckSymbolExists.c.o
/usr/bin/cc    -o CMakeFiles/cmTC_24985.dir/CheckSymbolExists.c.o   -c /workspace/build_isolated/hsrb_moveit_config/CMakeFiles/CMakeTmp/CheckSymbolExists.c
Linking C executable cmTC_24985
/usr/bin/cmake -E cmake_link_script CMakeFiles/cmTC_24985.dir/link.txt --verbose=1
/usr/bin/cc      -rdynamic CMakeFiles/cmTC_24985.dir/CheckSymbolExists.c.o  -o cmTC_24985 
CMakeFiles/cmTC_24985.dir/CheckSymbolExists.c.o: In function `main':
CheckSymbolExists.c:(.text+0x1b): undefined reference to `pthread_create'
collect2: error: ld returned 1 exit status
CMakeFiles/cmTC_24985.dir/build.make:97: recipe for target 'cmTC_24985' failed
make[1]: *** [cmTC_24985] Error 1
make[1]: Leaving directory '/workspace/build_isolated/hsrb_moveit_config/CMakeFiles/CMakeTmp'
Makefile:126: recipe for target 'cmTC_24985/fast' failed
make: *** [cmTC_24985/fast] Error 2

File /workspace/build_isolated/hsrb_moveit_config/CMakeFiles/CMakeTmp/CheckSymbolExists.c:
/* */
#include <pthread.h>

int main(int argc, char** argv)
{
  (void)argv;
#ifndef pthread_create
  return ((int*)(&pthread_create))[argc];
#else
  (void)argc;
  return 0;
#endif
}

Determining if the function pthread_create exists in the pthreads failed with the following output:
Change Dir: /workspace/build_isolated/hsrb_moveit_config/CMakeFiles/CMakeTmp

Run Build Command:"/usr/bin/make" "cmTC_decad/fast"
/usr/bin/make -f CMakeFiles/cmTC_decad.dir/build.make CMakeFiles/cmTC_decad.dir/build
make[1]: Entering directory '/workspace/build_isolated/hsrb_moveit_config/CMakeFiles/CMakeTmp'
Building C object CMakeFiles/cmTC_decad.dir/CheckFunctionExists.c.o
/usr/bin/cc   -DCHECK_FUNCTION_EXISTS=pthread_create   -o CMakeFiles/cmTC_decad.dir/CheckFunctionExists.c.o   -c /usr/share/cmake-3.10/Modules/CheckFunctionExists.c
Linking C executable cmTC_decad
/usr/bin/cmake -E cmake_link_script CMakeFiles/cmTC_decad.dir/link.txt --verbose=1
/usr/bin/cc  -DCHECK_FUNCTION_EXISTS=pthread_create    -rdynamic CMakeFiles/cmTC_decad.dir/CheckFunctionExists.c.o  -o cmTC_decad -lpthreads 
/usr/bin/ld: cannot find -lpthreads
collect2: error: ld returned 1 exit status
CMakeFiles/cmTC_decad.dir/build.make:97: recipe for target 'cmTC_decad' failed
make[1]: *** [cmTC_decad] Error 1
make[1]: Leaving directory '/workspace/build_isolated/hsrb_moveit_config/CMakeFiles/CMakeTmp'
Makefile:126: recipe for target 'cmTC_decad/fast' failed
make: *** [cmTC_decad/fast] Error 2


