Determining if the pthread_create exist failed with the following output:
Change Dir: /workspace/build_isolated/manipulation/CMakeFiles/CMakeTmp

Run Build Command:"/usr/bin/make" "cmTC_5cdf9/fast"
/usr/bin/make -f CMakeFiles/cmTC_5cdf9.dir/build.make CMakeFiles/cmTC_5cdf9.dir/build
make[1]: Entering directory '/workspace/build_isolated/manipulation/CMakeFiles/CMakeTmp'
Building C object CMakeFiles/cmTC_5cdf9.dir/CheckSymbolExists.c.o
/usr/bin/cc    -o CMakeFiles/cmTC_5cdf9.dir/CheckSymbolExists.c.o   -c /workspace/build_isolated/manipulation/CMakeFiles/CMakeTmp/CheckSymbolExists.c
Linking C executable cmTC_5cdf9
/usr/bin/cmake -E cmake_link_script CMakeFiles/cmTC_5cdf9.dir/link.txt --verbose=1
/usr/bin/cc      -rdynamic CMakeFiles/cmTC_5cdf9.dir/CheckSymbolExists.c.o  -o cmTC_5cdf9 
CMakeFiles/cmTC_5cdf9.dir/CheckSymbolExists.c.o: In function `main':
CheckSymbolExists.c:(.text+0x1b): undefined reference to `pthread_create'
collect2: error: ld returned 1 exit status
CMakeFiles/cmTC_5cdf9.dir/build.make:97: recipe for target 'cmTC_5cdf9' failed
make[1]: *** [cmTC_5cdf9] Error 1
make[1]: Leaving directory '/workspace/build_isolated/manipulation/CMakeFiles/CMakeTmp'
Makefile:126: recipe for target 'cmTC_5cdf9/fast' failed
make: *** [cmTC_5cdf9/fast] Error 2

File /workspace/build_isolated/manipulation/CMakeFiles/CMakeTmp/CheckSymbolExists.c:
/* */
#include <pthread.h>

int main(int argc, char** argv)
{
  (void)argv;
#ifndef pthread_create
  return ((int*)(&pthread_create))[argc];
#else
  (void)argc;
  return 0;
#endif
}

Determining if the function pthread_create exists in the pthreads failed with the following output:
Change Dir: /workspace/build_isolated/manipulation/CMakeFiles/CMakeTmp

Run Build Command:"/usr/bin/make" "cmTC_24a82/fast"
/usr/bin/make -f CMakeFiles/cmTC_24a82.dir/build.make CMakeFiles/cmTC_24a82.dir/build
make[1]: Entering directory '/workspace/build_isolated/manipulation/CMakeFiles/CMakeTmp'
Building C object CMakeFiles/cmTC_24a82.dir/CheckFunctionExists.c.o
/usr/bin/cc   -DCHECK_FUNCTION_EXISTS=pthread_create   -o CMakeFiles/cmTC_24a82.dir/CheckFunctionExists.c.o   -c /usr/share/cmake-3.10/Modules/CheckFunctionExists.c
Linking C executable cmTC_24a82
/usr/bin/cmake -E cmake_link_script CMakeFiles/cmTC_24a82.dir/link.txt --verbose=1
/usr/bin/cc  -DCHECK_FUNCTION_EXISTS=pthread_create    -rdynamic CMakeFiles/cmTC_24a82.dir/CheckFunctionExists.c.o  -o cmTC_24a82 -lpthreads 
/usr/bin/ld: cannot find -lpthreads
collect2: error: ld returned 1 exit status
CMakeFiles/cmTC_24a82.dir/build.make:97: recipe for target 'cmTC_24a82' failed
make[1]: *** [cmTC_24a82] Error 1
make[1]: Leaving directory '/workspace/build_isolated/manipulation/CMakeFiles/CMakeTmp'
Makefile:126: recipe for target 'cmTC_24a82/fast' failed
make: *** [cmTC_24a82/fast] Error 2


