Determining if the pthread_create exist failed with the following output:
Change Dir: /workspace/build_isolated/hsrb_rosnav_config/CMakeFiles/CMakeTmp

Run Build Command:"/usr/bin/make" "cmTC_4dee6/fast"
/usr/bin/make -f CMakeFiles/cmTC_4dee6.dir/build.make CMakeFiles/cmTC_4dee6.dir/build
make[1]: Entering directory '/workspace/build_isolated/hsrb_rosnav_config/CMakeFiles/CMakeTmp'
Building C object CMakeFiles/cmTC_4dee6.dir/CheckSymbolExists.c.o
/usr/bin/cc    -o CMakeFiles/cmTC_4dee6.dir/CheckSymbolExists.c.o   -c /workspace/build_isolated/hsrb_rosnav_config/CMakeFiles/CMakeTmp/CheckSymbolExists.c
Linking C executable cmTC_4dee6
/usr/bin/cmake -E cmake_link_script CMakeFiles/cmTC_4dee6.dir/link.txt --verbose=1
/usr/bin/cc      -rdynamic CMakeFiles/cmTC_4dee6.dir/CheckSymbolExists.c.o  -o cmTC_4dee6 
CMakeFiles/cmTC_4dee6.dir/CheckSymbolExists.c.o: In function `main':
CheckSymbolExists.c:(.text+0x1b): undefined reference to `pthread_create'
collect2: error: ld returned 1 exit status
CMakeFiles/cmTC_4dee6.dir/build.make:97: recipe for target 'cmTC_4dee6' failed
make[1]: *** [cmTC_4dee6] Error 1
make[1]: Leaving directory '/workspace/build_isolated/hsrb_rosnav_config/CMakeFiles/CMakeTmp'
Makefile:126: recipe for target 'cmTC_4dee6/fast' failed
make: *** [cmTC_4dee6/fast] Error 2

File /workspace/build_isolated/hsrb_rosnav_config/CMakeFiles/CMakeTmp/CheckSymbolExists.c:
/* */
#include <pthread.h>

int main(int argc, char** argv)
{
  (void)argv;
#ifndef pthread_create
  return ((int*)(&pthread_create))[argc];
#else
  (void)argc;
  return 0;
#endif
}

Determining if the function pthread_create exists in the pthreads failed with the following output:
Change Dir: /workspace/build_isolated/hsrb_rosnav_config/CMakeFiles/CMakeTmp

Run Build Command:"/usr/bin/make" "cmTC_c3cd8/fast"
/usr/bin/make -f CMakeFiles/cmTC_c3cd8.dir/build.make CMakeFiles/cmTC_c3cd8.dir/build
make[1]: Entering directory '/workspace/build_isolated/hsrb_rosnav_config/CMakeFiles/CMakeTmp'
Building C object CMakeFiles/cmTC_c3cd8.dir/CheckFunctionExists.c.o
/usr/bin/cc   -DCHECK_FUNCTION_EXISTS=pthread_create   -o CMakeFiles/cmTC_c3cd8.dir/CheckFunctionExists.c.o   -c /usr/share/cmake-3.10/Modules/CheckFunctionExists.c
Linking C executable cmTC_c3cd8
/usr/bin/cmake -E cmake_link_script CMakeFiles/cmTC_c3cd8.dir/link.txt --verbose=1
/usr/bin/cc  -DCHECK_FUNCTION_EXISTS=pthread_create    -rdynamic CMakeFiles/cmTC_c3cd8.dir/CheckFunctionExists.c.o  -o cmTC_c3cd8 -lpthreads 
/usr/bin/ld: cannot find -lpthreads
collect2: error: ld returned 1 exit status
CMakeFiles/cmTC_c3cd8.dir/build.make:97: recipe for target 'cmTC_c3cd8' failed
make[1]: *** [cmTC_c3cd8] Error 1
make[1]: Leaving directory '/workspace/build_isolated/hsrb_rosnav_config/CMakeFiles/CMakeTmp'
Makefile:126: recipe for target 'cmTC_c3cd8/fast' failed
make: *** [cmTC_c3cd8/fast] Error 2


